PRT1
16
20
4 0 2 (448 0 384 ) (0 0 384 ) (0 0 64 ) (448 0 64 ) 
4 0 1 (0 0 64 ) (0 0 384 ) (0 192 384 ) (0 192 64 ) 
4 1 4 (0 0 64 ) (0 0 384 ) (-832 0 384 ) (-832 0 64 ) 
4 2 4 (0 0 384 ) (0 0 64 ) (0 -448 64 ) (0 -448 384 ) 
4 3 15 (0 -1408 64 ) (0 -1408 384 ) (0 -1152 384 ) (0 -1152 64 ) 
4 4 6 (-704 -448 64 ) (-512 -448 64 ) (-512 -448 384 ) (-704 -448 384 ) 
4 4 5 (-320 -448 64 ) (0 -448 64 ) (0 -448 384 ) (-320 -448 384 ) 
4 5 8 (0 -512 64 ) (0 -512 383 ) (-320 -512 383 ) (-320 -512 64 ) 
4 5 7 (0 -512 383 ) (0 -512 384 ) (-320 -512 384 ) (-320 -512 383 ) 
4 6 9 (-704 -512 383 ) (-704 -512 64 ) (-512 -512 64 ) (-512 -512 383 ) 
4 7 10 (0 -1024 383 ) (0 -1024 384 ) (-320 -1024 384 ) (-320 -1024 383 ) 
4 7 8 (-320 -512 383 ) (0 -512 383 ) (0 -1024 383 ) (-320 -1024 383 ) 
4 8 11 (0 -1024 64 ) (0 -1024 383 ) (-320 -1024 383 ) (-320 -1024 64 ) 
4 9 12 (-512 -1024 64 ) (-512 -1024 383 ) (-704 -1024 383 ) (-704 -1024 64 ) 
4 10 13 (0 -1088 383 ) (0 -1088 384 ) (-320 -1088 384 ) (-320 -1088 383 ) 
4 10 11 (0 -1088 383 ) (-320 -1088 383 ) (-320 -1024 383 ) (0 -1024 383 ) 
4 11 13 (0 -1088 64 ) (0 -1088 383 ) (-320 -1088 383 ) (-320 -1088 64 ) 
4 12 14 (-512 -1088 64 ) (-512 -1088 383 ) (-704 -1088 383 ) (-704 -1088 64 ) 
4 13 15 (0 -1152 64 ) (0 -1152 384 ) (-320 -1152 384 ) (-320 -1152 64 ) 
4 14 15 (-512 -1152 64 ) (-512 -1152 384 ) (-704 -1152 384 ) (-704 -1152 64 ) 
